<?xml version="1.0" encoding="UTF-8"?>
<!-- Generated by org.testng.reporters.JUnitXMLReporter -->
<testsuite ignored="0" hostname="Badawi" failures="0" tests="9" name="Default test" time="5.99" errors="0" timestamp="2025-10-25T19:00:01 EET">
  <testcase classname="BasePackage.BaseTest" name="@BeforeClass setUp" time="5.901">
    <skipped/>
  </testcase> <!-- @BeforeClass setUp -->
  <testcase classname="TS1_JobTitles" name="SetUpDashboard" time="0.0">
    <skipped/>
  </testcase> <!-- SetUpDashboard -->
  <testcase classname="TS1_JobTitles" name="AddNewTitle" time="0.0">
    <skipped/>
  </testcase> <!-- AddNewTitle -->
  <testcase classname="TS1_JobTitles" name="AddNewTitleEmptyTitle" time="0.0">
    <skipped/>
  </testcase> <!-- AddNewTitleEmptyTitle -->
  <testcase classname="TS1_JobTitles" name="DeleteAllTitles" time="0.0">
    <skipped/>
  </testcase> <!-- DeleteAllTitles -->
  <testcase classname="TS1_JobTitles" name="AddDuplicatedTitle" time="0.0">
    <skipped/>
  </testcase> <!-- AddDuplicatedTitle -->
  <testcase classname="TS1_JobTitles" name="EditexistingJobTitle" time="0.0">
    <skipped/>
  </testcase> <!-- EditexistingJobTitle -->
  <testcase classname="TS1_JobTitles" name="DeleteJobTitle" time="0.0">
    <skipped/>
  </testcase> <!-- DeleteJobTitle -->
  <testcase classname="TS1_JobTitles" name="AddNewTitleLong" time="0.0">
    <skipped/>
  </testcase> <!-- AddNewTitleLong -->
  <testcase classname="TS1_JobTitles" name="AddNewTitleSpecialCharacter" time="0.0">
    <skipped/>
  </testcase> <!-- AddNewTitleSpecialCharacter -->
</testsuite> <!-- Default test -->
