<?xml version="1.0" encoding="UTF-8"?>
<!-- Generated by org.testng.reporters.JUnitXMLReporter -->
<testsuite ignored="0" hostname="Badawi" failures="0" tests="39" name="OrangeHRM" time="24.176" errors="0" timestamp="2025-10-25T19:45:07 EET">
  <testcase classname="BasePackage.BaseTest" name="@BeforeClass setUp" time="4.316">
    <skipped/>
  </testcase> <!-- @BeforeClass setUp -->
  <testcase classname="BasePackage.BaseTest" name="@BeforeClass setUp" time="23.293">
    <skipped/>
  </testcase> <!-- @BeforeClass setUp -->
  <testcase classname="BasePackage.BaseTest" name="@BeforeClass setUp" time="23.635">
    <skipped/>
  </testcase> <!-- @BeforeClass setUp -->
  <testcase classname="BasePackage.BaseTest" name="@BeforeClass setUp" time="23.924">
    <skipped/>
  </testcase> <!-- @BeforeClass setUp -->
  <testcase classname="BasePackage.BaseTest" name="@BeforeClass setUp" time="24.074">
    <skipped/>
  </testcase> <!-- @BeforeClass setUp -->
  <testcase classname="OrangeHRM.TS1_JobTitles" name="SetUpDashboard" time="0.0">
    <skipped/>
  </testcase> <!-- SetUpDashboard -->
  <testcase classname="OrangeHRM.TS1_JobTitles" name="AddNewTitle" time="0.0">
    <skipped/>
  </testcase> <!-- AddNewTitle -->
  <testcase classname="OrangeHRM.TS1_JobTitles" name="AddNewTitleEmptyTitle" time="0.0">
    <skipped/>
  </testcase> <!-- AddNewTitleEmptyTitle -->
  <testcase classname="OrangeHRM.TS1_JobTitles" name="DeleteAllTitles" time="0.0">
    <skipped/>
  </testcase> <!-- DeleteAllTitles -->
  <testcase classname="OrangeHRM.TS1_JobTitles" name="AddDuplicatedTitle" time="0.0">
    <skipped/>
  </testcase> <!-- AddDuplicatedTitle -->
  <testcase classname="OrangeHRM.TS1_JobTitles" name="EditexistingJobTitle" time="0.0">
    <skipped/>
  </testcase> <!-- EditexistingJobTitle -->
  <testcase classname="OrangeHRM.TS1_JobTitles" name="DeleteJobTitle" time="0.0">
    <skipped/>
  </testcase> <!-- DeleteJobTitle -->
  <testcase classname="OrangeHRM.TS1_JobTitles" name="AddNewTitleLong" time="0.0">
    <skipped/>
  </testcase> <!-- AddNewTitleLong -->
  <testcase classname="OrangeHRM.TS1_JobTitles" name="AddNewTitleSpecialCharacter" time="0.001">
    <skipped/>
  </testcase> <!-- AddNewTitleSpecialCharacter -->
  <testcase classname="OrangeHRM.TS2_PayGrades" name="SetUpDashboard" time="0.0">
    <skipped/>
  </testcase> <!-- SetUpDashboard -->
  <testcase classname="OrangeHRM.TS2_PayGrades" name="AddNewPayGrade" time="0.0">
    <skipped/>
  </testcase> <!-- AddNewPayGrade -->
  <testcase classname="OrangeHRM.TS2_PayGrades" name="AddNewPayGradeEmptyName" time="0.0">
    <skipped/>
  </testcase> <!-- AddNewPayGradeEmptyName -->
  <testcase classname="OrangeHRM.TS2_PayGrades" name="AddNewCurrencyWithValidMinMaxValues" time="0.0">
    <skipped/>
  </testcase> <!-- AddNewCurrencyWithValidMinMaxValues -->
  <testcase classname="OrangeHRM.TS2_PayGrades" name="ValidateMinMustBeLessThanMax" time="0.0">
    <skipped/>
  </testcase> <!-- ValidateMinMustBeLessThanMax -->
  <testcase classname="OrangeHRM.TS2_PayGrades" name="EditPayGradeName" time="0.0">
    <skipped/>
  </testcase> <!-- EditPayGradeName -->
  <testcase classname="OrangeHRM.TS2_PayGrades" name="DeleteCurrencyRow" time="0.0">
    <skipped/>
  </testcase> <!-- DeleteCurrencyRow -->
  <testcase classname="OrangeHRM.TS2_PayGrades" name="DeletePayGrade" time="0.0">
    <skipped/>
  </testcase> <!-- DeletePayGrade -->
  <testcase classname="OrangeHRM.TS3_EmploymentStatus" name="SetUpDashboard" time="0.001">
    <skipped/>
  </testcase> <!-- SetUpDashboard -->
  <testcase classname="OrangeHRM.TS3_EmploymentStatus" name="CreateEmploymentStatus" time="0.0">
    <skipped/>
  </testcase> <!-- CreateEmploymentStatus -->
  <testcase classname="OrangeHRM.TS3_EmploymentStatus" name="ValidateNameRequired" time="0.001">
    <skipped/>
  </testcase> <!-- ValidateNameRequired -->
  <testcase classname="OrangeHRM.TS3_EmploymentStatus" name="PreventDuplicatedEmpStatusNames" time="0.0">
    <skipped/>
  </testcase> <!-- PreventDuplicatedEmpStatusNames -->
  <testcase classname="OrangeHRM.TS3_EmploymentStatus" name="EditEmpStatus" time="0.0">
    <skipped/>
  </testcase> <!-- EditEmpStatus -->
  <testcase classname="OrangeHRM.TS3_EmploymentStatus" name="DeleteEmpStatus" time="0.0">
    <skipped/>
  </testcase> <!-- DeleteEmpStatus -->
  <testcase classname="OrangeHRM.TS3_EmploymentStatus" name="DeleteAllEmpStatus" time="0.0">
    <skipped/>
  </testcase> <!-- DeleteAllEmpStatus -->
  <testcase classname="OrangeHRM.TS4_JobCategories" name="SetUpDashboard" time="0.0">
    <skipped/>
  </testcase> <!-- SetUpDashboard -->
  <testcase classname="OrangeHRM.TS4_JobCategories" name="CreateNewCategory" time="0.0">
    <skipped/>
  </testcase> <!-- CreateNewCategory -->
  <testcase classname="OrangeHRM.TS4_JobCategories" name="AddCategoryEmptyName" time="0.0">
    <skipped/>
  </testcase> <!-- AddCategoryEmptyName -->
  <testcase classname="OrangeHRM.TS4_JobCategories" name="PreventCategoryDuplication" time="0.0">
    <skipped/>
  </testcase> <!-- PreventCategoryDuplication -->
  <testcase classname="OrangeHRM.TS4_JobCategories" name="EditCategoryName" time="0.0">
    <skipped/>
  </testcase> <!-- EditCategoryName -->
  <testcase classname="OrangeHRM.TS4_JobCategories" name="DeleteCategory" time="0.0">
    <skipped/>
  </testcase> <!-- DeleteCategory -->
  <testcase classname="OrangeHRM.TS4_JobCategories" name="DeleteMultiCategory" time="0.0">
    <skipped/>
  </testcase> <!-- DeleteMultiCategory -->
  <testcase classname="OrangeHRM.TS5_WorkShifts" name="SetUpDashboard" time="0.0">
    <skipped/>
  </testcase> <!-- SetUpDashboard -->
  <testcase classname="OrangeHRM.TS5_WorkShifts" name="AddWorkShift" time="0.0">
    <skipped/>
  </testcase> <!-- AddWorkShift -->
  <testcase classname="OrangeHRM.TS5_WorkShifts" name="AddWorkShiftEmptyName" time="0.0">
    <skipped/>
  </testcase> <!-- AddWorkShiftEmptyName -->
  <testcase classname="OrangeHRM.TS5_WorkShifts" name="ValidateFromLessThanTo" time="0.0">
    <skipped/>
  </testcase> <!-- ValidateFromLessThanTo -->
  <testcase classname="OrangeHRM.TS5_WorkShifts" name="AddOverLapWorkShift" time="0.0">
    <skipped/>
  </testcase> <!-- AddOverLapWorkShift -->
  <testcase classname="OrangeHRM.TS5_WorkShifts" name="AssignEmployeeToWorkShift" time="0.0">
    <skipped/>
  </testcase> <!-- AssignEmployeeToWorkShift -->
  <testcase classname="OrangeHRM.TS5_WorkShifts" name="RemoveEmployeeFromWorkShift" time="0.0">
    <skipped/>
  </testcase> <!-- RemoveEmployeeFromWorkShift -->
  <testcase classname="OrangeHRM.TS5_WorkShifts" name="DeleteWorkShift" time="0.0">
    <skipped/>
  </testcase> <!-- DeleteWorkShift -->
</testsuite> <!-- OrangeHRM -->
